<?xml version="1.0" encoding="utf-8"?><testsuites name="pytest tests"><testsuite name="pytest" errors="0" failures="0" skipped="0" tests="3" time="3.912" timestamp="2026-07-01T05:32:21.532634+00:00" hostname="agent-env-79b87750-db5c-404f-92b3-f0bcc68cab14"><testcase classname="backend.tests.test_nova_backend" name="test_root_api" time="0.114" /><testcase classname="backend.tests.test_nova_backend" name="test_nova_chat_missing_message" time="0.095" /><testcase classname="backend.tests.test_nova_backend" name="test_nova_chat_returns_200_or_502" time="3.591" /></testsuite></testsuites>